************************************************************************************************************************************************************************************************************************************************************************************


** WARNING: 'The 'pre2019' module environment is deprecated. Please consider switching** WARNING: 'The 'pre2019' module environment is deprecated. Please consider switching** WARNING: 'The 'pre2019' module environment is deprecated. Please consider switching


             to the '2019' or '2020' module environment. You can read more about our             to the '2019' or '2020' module environment. You can read more about our             to the '2019' or '2020' module environment. You can read more about our

********************************************************************************************
             software policy on this page:             software policy on this page:
             software policy on this page:

** WARNING: 'The 'pre2019' module environment is deprecated. Please consider switching
             https://userinfo.surfsara.nl/documentation/software-policy-lisacartesius             https://userinfo.surfsara.nl/documentation/software-policy-lisacartesius



             https://userinfo.surfsara.nl/documentation/software-policy-lisacartesius             If you have any question, please contact us via http://servicedesk.surfsara.nl.'             to the '2019' or '2020' module environment. You can read more about our



             If you have any question, please contact us via http://servicedesk.surfsara.nl.'
********************************************************************************************             If you have any question, please contact us via http://servicedesk.surfsara.nl.'             software policy on this page:


********************************************************************************************

********************************************************************************************************************************************************************************************************************************************************************************************************************************************************************************
********************************************************************************************             https://userinfo.surfsara.nl/documentation/software-policy-lisacartesius** WARNING: 'The 'pre2019' module environment is deprecated. Please consider switching

** WARNING: 'The 'pre2019' module environment is deprecated. Please consider switching
** WARNING: 'The 'pre2019' module environment is deprecated. Please consider switching********************************************************************************************





** WARNING: 'The 'pre2019' module environment is deprecated. Please consider switching** WARNING: 'The 'pre2019' module environment is deprecated. Please consider switching             to the '2019' or '2020' module environment. You can read more about our             to the '2019' or '2020' module environment. You can read more about our             to the '2019' or '2020' module environment. You can read more about our




             software policy on this page:             to the '2019' or '2020' module environment. You can read more about our             to the '2019' or '2020' module environment. You can read more about our             software policy on this page:             software policy on this page:



             https://userinfo.surfsara.nl/documentation/software-policy-lisacartesius
             software policy on this page:             software policy on this page:             https://userinfo.surfsara.nl/documentation/software-policy-lisacartesius             https://userinfo.surfsara.nl/documentation/software-policy-lisacartesius

****************************************************************************************************************************************************************************************



             https://userinfo.surfsara.nl/documentation/software-policy-lisacartesius********************************************************************************************
             https://userinfo.surfsara.nl/documentation/software-policy-lisacartesius


             If you have any question, please contact us via http://servicedesk.surfsara.nl.'


             If you have any question, please contact us via http://servicedesk.surfsara.nl.'** WARNING: 'The 'pre2019' module environment is deprecated. Please consider switching********************************************************************************************
** WARNING: 'The 'pre2019' module environment is deprecated. Please consider switching** WARNING: 'The 'pre2019' module environment is deprecated. Please consider switching             If you have any question, please contact us via http://servicedesk.surfsara.nl.'
********************************************************************************************




********************************************************************************************

             to the '2019' or '2020' module environment. You can read more about our
             If you have any question, please contact us via http://servicedesk.surfsara.nl.'********************************************************************************************             to the '2019' or '2020' module environment. You can read more about our             If you have any question, please contact us via http://servicedesk.surfsara.nl.'             to the '2019' or '2020' module environment. You can read more about our** WARNING: 'The 'pre2019' module environment is deprecated. Please consider switching
********************************************************************************************
********************************************************************************************

             software policy on this page:



********************************************************************************************** WARNING: 'The 'pre2019' module environment is deprecated. Please consider switching

********************************************************************************************
             software policy on this page:             software policy on this page:             to the '2019' or '2020' module environment. You can read more about our

** WARNING: 'The 'pre2019' module environment is deprecated. Please consider switching
             https://userinfo.surfsara.nl/documentation/software-policy-lisacartesius



             to the '2019' or '2020' module environment. You can read more about our
             software policy on this page:             https://userinfo.surfsara.nl/documentation/software-policy-lisacartesius             https://userinfo.surfsara.nl/documentation/software-policy-lisacartesius
             to the '2019' or '2020' module environment. You can read more about our

********************************************************************************************
****************************************************************************************************************************************************************************************
             software policy on this page:
             If you have any question, please contact us via http://servicedesk.surfsara.nl.'********************************************************************************************             https://userinfo.surfsara.nl/documentation/software-policy-lisacartesius





             software policy on this page:


             If you have any question, please contact us via http://servicedesk.surfsara.nl.'** WARNING: 'The 'pre2019' module environment is deprecated. Please consider switching** WARNING: 'The 'pre2019' module environment is deprecated. Please consider switching             If you have any question, please contact us via http://servicedesk.surfsara.nl.'** WARNING: 'The 'pre2019' module environment is deprecated. Please consider switching             https://userinfo.surfsara.nl/documentation/software-policy-lisacartesius

********************************************************************************************
** WARNING: 'The 'pre2019' module environment is deprecated. Please consider switching




             https://userinfo.surfsara.nl/documentation/software-policy-lisacartesius

             If you have any question, please contact us via http://servicedesk.surfsara.nl.'
********************************************************************************************             to the '2019' or '2020' module environment. You can read more about our             to the '2019' or '2020' module environment. You can read more about our********************************************************************************************             to the '2019' or '2020' module environment. You can read more about our
             If you have any question, please contact us via http://servicedesk.surfsara.nl.'
             to the '2019' or '2020' module environment. You can read more about our




****************************************************************************************************************************************************************************************


****************************************************************************************************************************************************************************************             software policy on this page:             software policy on this page:********************************************************************************************             software policy on this page:

             If you have any question, please contact us via http://servicedesk.surfsara.nl.'********************************************************************************************             software policy on this page:





** WARNING: 'The 'pre2019' module environment is deprecated. Please consider switching** WARNING: 'The 'pre2019' module environment is deprecated. Please consider switching


** WARNING: 'The 'pre2019' module environment is deprecated. Please consider switching             https://userinfo.surfsara.nl/documentation/software-policy-lisacartesius             https://userinfo.surfsara.nl/documentation/software-policy-lisacartesius** WARNING: 'The 'pre2019' module environment is deprecated. Please consider switching             https://userinfo.surfsara.nl/documentation/software-policy-lisacartesius

********************************************************************************************             https://userinfo.surfsara.nl/documentation/software-policy-lisacartesius

             to the '2019' or '2020' module environment. You can read more about our


             to the '2019' or '2020' module environment. You can read more about our             to the '2019' or '2020' module environment. You can read more about our




             to the '2019' or '2020' module environment. You can read more about our             If you have any question, please contact us via http://servicedesk.surfsara.nl.'



             If you have any question, please contact us via http://servicedesk.surfsara.nl.'             software policy on this page:

             If you have any question, please contact us via http://servicedesk.surfsara.nl.'             software policy on this page:             software policy on this page:             If you have any question, please contact us via http://servicedesk.surfsara.nl.'********************************************************************************************

             software policy on this page:********************************************************************************************




********************************************************************************************             https://userinfo.surfsara.nl/documentation/software-policy-lisacartesius

********************************************************************************************             https://userinfo.surfsara.nl/documentation/software-policy-lisacartesius             https://userinfo.surfsara.nl/documentation/software-policy-lisacartesius********************************************************************************************

             If you have any question, please contact us via http://servicedesk.surfsara.nl.'** WARNING: 'The 'pre2019' module environment is deprecated. Please consider switching


********************************************************************************************             to the '2019' or '2020' module environment. You can read more about our

             software policy on this page:

             https://userinfo.surfsara.nl/documentation/software-policy-lisacartesius

             If you have any question, please contact us via http://servicedesk.surfsara.nl.'

             If you have any question, please contact us via http://servicedesk.surfsara.nl.'             https://userinfo.surfsara.nl/documentation/software-policy-lisacartesius********************************************************************************************


********************************************************************************************
             If you have any question, please contact us via http://servicedesk.surfsara.nl.'

********************************************************************************************



             If you have any question, please contact us via http://servicedesk.surfsara.nl.'
********************************************************************************************


             If you have any question, please contact us via http://servicedesk.surfsara.nl.'
********************************************************************************************
stopos: WARNING: Line not found
stopos: WARNING: Line not found
stopos: WARNING: Line not found
stopos: WARNING: Line not found
stopos: WARNING: Line not found
stopos: WARNING: Line not found
stopos: WARNING: Line not found
stopos: WARNING: Line not found
stopos: WARNING: Line not found
stopos: WARNING: Line not found
stopos: WARNING: Line not found
stopos: WARNING: Line not found
stopos: WARNING: Line not found
stopos: WARNING: Line not found
stopos: WARNING: Line not found
stopos: WARNING: Line not found
stopos: WARNING: Line not found
stopos: WARNING: Line not found
stopos: WARNING: Line not found
stopos: WARNING: Line not found
stopos: WARNING: Line not found
stopos: WARNING: Line not found
stopos: WARNING: Line not found
stopos: WARNING: Line not found

JOB STATISTICS
==============
Job ID: 9313260
Cluster: sara
User/Group: ccur0155/ccur0155
State: COMPLETED (exit code 0)
Nodes: 1
Cores per node: 24
CPU Utilized: 00:30:41
CPU Efficiency: 59.930f 00:51:12 core-walltime
Job Wall-clock time: 00:02:08
Memory Utilized: 1.64 GB
Memory Efficiency: 2.710f 60.31 GB